2024-11-14 10:25:44,775 - INFO - Preprocessing data for 25 subjects...
2024-11-14 10:25:46,078 - WARNING - Error processing Basal data in data/Subject21.xlsx: Worksheet named 'Basal' not found
2024-11-14 10:25:48,088 - WARNING - Error processing Basal data in data/Subject17.xlsx: Worksheet named 'Basal' not found
2024-11-14 10:25:48,373 - WARNING - Error processing Basal data in data/Subject40.xlsx: Worksheet named 'Basal' not found
2024-11-14 10:25:52,257 - WARNING - Error processing Basal data in data/Subject6.xlsx: Worksheet named 'Basal' not found
2024-11-14 10:25:55,892 - WARNING - Error processing Basal data in data/Subject7.xlsx: Worksheet named 'Basal' not found
2024-11-14 10:25:56,114 - WARNING - Error processing Basal data in data/Subject41.xlsx: Worksheet named 'Basal' not found
2024-11-14 10:25:58,016 - WARNING - Error processing Basal data in data/Subject16.xlsx: Worksheet named 'Basal' not found
2024-11-14 10:25:59,864 - WARNING - Error processing Basal data in data/Subject20.xlsx: Worksheet named 'Basal' not found
2024-11-14 10:26:02,597 - WARNING - Error processing Basal data in data/Subject11.xlsx: Worksheet named 'Basal' not found
2024-11-14 10:26:03,490 - WARNING - Error processing Basal data in data/Subject27.xlsx: Worksheet named 'Basal' not found
2024-11-14 10:26:05,202 - WARNING - Error processing Basal data in data/Subject26.xlsx: Worksheet named 'Basal' not found
2024-11-14 10:26:09,725 - WARNING - Error processing Basal data in data/Subject1.xlsx: Worksheet named 'Basal' not found
2024-11-14 10:26:12,985 - WARNING - Error processing Basal data in data/Subject10.xlsx: Worksheet named 'Basal' not found
2024-11-14 10:26:17,746 - WARNING - Error processing Basal data in data/Subject2.xlsx: Worksheet named 'Basal' not found
2024-11-14 10:26:18,033 - WARNING - Error processing Basal data in data/Subject44.xlsx: Worksheet named 'Basal' not found
2024-11-14 10:26:19,769 - INFO - Data shapes - Train: (2418018, 60), Val: (711182, 60), Test: (426710, 60)
2024-11-14 10:26:19,769 - INFO - Training ensemble models...
2024-11-14 10:26:19,769 - INFO - Training data shapes - X: (2418018, 60, 1), y: (2418018,)
2024-11-14 10:26:19,769 - INFO - Validation data shapes - X: (711182, 60, 1), y: (711182,)
2024-11-14 10:26:19,810 - INFO - LSTM model summary:
2024-11-14 10:26:19,813 - INFO - Model: "sequential"
┏━━━━━━━━━━━━━━━━━━━━━━━━━━━━━━━━━━━━━━┳━━━━━━━━━━━━━━━━━━━━━━━━━━━━━┳━━━━━━━━━━━━━━━━━┓
┃ Layer (type)                         ┃ Output Shape                ┃         Param # ┃
┡━━━━━━━━━━━━━━━━━━━━━━━━━━━━━━━━━━━━━━╇━━━━━━━━━━━━━━━━━━━━━━━━━━━━━╇━━━━━━━━━━━━━━━━━┩
│ lstm (LSTM)                          │ (None, 60, 128)             │          66,560 │
├──────────────────────────────────────┼─────────────────────────────┼─────────────────┤
│ batch_normalization                  │ (None, 60, 128)             │             512 │
│ (BatchNormalization)                 │                             │                 │
├──────────────────────────────────────┼─────────────────────────────┼─────────────────┤
│ dropout (Dropout)                    │ (None, 60, 128)             │               0 │
├──────────────────────────────────────┼─────────────────────────────┼─────────────────┤
│ lstm_1 (LSTM)                        │ (None, 60, 64)              │          49,408 │
├──────────────────────────────────────┼─────────────────────────────┼─────────────────┤
│ batch_normalization_1                │ (None, 60, 64)              │             256 │
│ (BatchNormalization)                 │                             │                 │
├──────────────────────────────────────┼─────────────────────────────┼─────────────────┤
│ dropout_1 (Dropout)                  │ (None, 60, 64)              │               0 │
├──────────────────────────────────────┼─────────────────────────────┼─────────────────┤
│ lstm_2 (LSTM)                        │ (None, 32)                  │          12,416 │
├──────────────────────────────────────┼─────────────────────────────┼─────────────────┤
│ batch_normalization_2                │ (None, 32)                  │             128 │
│ (BatchNormalization)                 │                             │                 │
├──────────────────────────────────────┼─────────────────────────────┼─────────────────┤
│ dense (Dense)                        │ (None, 16)                  │             528 │
├──────────────────────────────────────┼─────────────────────────────┼─────────────────┤
│ dense_1 (Dense)                      │ (None, 1)                   │              17 │
└──────────────────────────────────────┴─────────────────────────────┴─────────────────┘
 Total params: 129,825 (507.13 KB)
 Trainable params: 129,377 (505.38 KB)
 Non-trainable params: 448 (1.75 KB)

