2024-11-14 22:35:02,581 - INFO - Preprocessing data for 25 subjects...
2024-11-14 22:35:36,807 - INFO - Data shapes - Train: (2418018, 60), Val: (711182, 60), Test: (426710, 60)
2024-11-14 22:35:36,807 - INFO - Configuration: {'epochs': 10, 'batch_size': 64, 'lstm_layers': [128, 64, 32], 'dropout_rate': 0.3, 'early_stopping_patience': 10, 'reduce_lr_patience': 5, 'threshold': 1.0}
2024-11-14 22:35:36,807 - INFO - Training LSTM model...
2024-11-14 22:35:36,808 - INFO - Training data shapes - X: (2418018, 60, 1), y: (2418018,)
2024-11-14 22:35:36,808 - INFO - Validation data shapes - X: (711182, 60, 1), y: (711182,)
2024-11-14 22:35:36,853 - INFO - LSTM model summary:
2024-11-14 22:35:36,856 - INFO - Model: "sequential"
┏━━━━━━━━━━━━━━━━━━━━━━━━━━━━━━━━━━━━━━┳━━━━━━━━━━━━━━━━━━━━━━━━━━━━━┳━━━━━━━━━━━━━━━━━┓
┃ Layer (type)                         ┃ Output Shape                ┃         Param # ┃
┡━━━━━━━━━━━━━━━━━━━━━━━━━━━━━━━━━━━━━━╇━━━━━━━━━━━━━━━━━━━━━━━━━━━━━╇━━━━━━━━━━━━━━━━━┩
│ lstm (LSTM)                          │ (None, 60, 128)             │          66,560 │
├──────────────────────────────────────┼─────────────────────────────┼─────────────────┤
│ batch_normalization                  │ (None, 60, 128)             │             512 │
│ (BatchNormalization)                 │                             │                 │
├──────────────────────────────────────┼─────────────────────────────┼─────────────────┤
│ dropout (Dropout)                    │ (None, 60, 128)             │               0 │
├──────────────────────────────────────┼─────────────────────────────┼─────────────────┤
│ lstm_1 (LSTM)                        │ (None, 60, 64)              │          49,408 │
├──────────────────────────────────────┼─────────────────────────────┼─────────────────┤
│ batch_normalization_1                │ (None, 60, 64)              │             256 │
│ (BatchNormalization)                 │                             │                 │
├──────────────────────────────────────┼─────────────────────────────┼─────────────────┤
│ dropout_1 (Dropout)                  │ (None, 60, 64)              │               0 │
├──────────────────────────────────────┼─────────────────────────────┼─────────────────┤
│ lstm_2 (LSTM)                        │ (None, 32)                  │          12,416 │
├──────────────────────────────────────┼─────────────────────────────┼─────────────────┤
│ batch_normalization_2                │ (None, 32)                  │             128 │
│ (BatchNormalization)                 │                             │                 │
├──────────────────────────────────────┼─────────────────────────────┼─────────────────┤
│ dense (Dense)                        │ (None, 16)                  │             528 │
├──────────────────────────────────────┼─────────────────────────────┼─────────────────┤
│ dense_1 (Dense)                      │ (None, 1)                   │              17 │
└──────────────────────────────────────┴─────────────────────────────┴─────────────────┘
 Total params: 129,825 (507.13 KB)
 Trainable params: 129,377 (505.38 KB)
 Non-trainable params: 448 (1.75 KB)

2024-11-15 10:36:20,707 - INFO - Loss plot saved as lstm_loss_20241115_103620.png
2024-11-15 10:36:20,707 - INFO - Evaluating LSTM predictions on test set...
2024-11-15 10:39:56,682 - ERROR - An error occurred: This MinMaxScaler instance is not fitted yet. Call 'fit' with appropriate arguments before using this estimator.
