2024-11-15 20:14:26,730 - INFO - Preprocessing data for 1 subjects...
2024-11-15 20:14:28,100 - INFO - Data shapes - Train: (108713, 60), Val: (27179, 60)
2024-11-15 20:14:28,100 - INFO - Configuration: {'epochs': 3, 'batch_size': 32, 'lstm_layers': [128, 64, 32], 'dropout_rate': 0.3, 'early_stopping_patience': 10, 'reduce_lr_patience': 5, 'threshold': 5e-05}
2024-11-15 20:14:28,100 - INFO - Training LSTM model...
2024-11-15 20:14:28,100 - INFO - Training data shapes - X: (108713, 60, 1), y: (108713,)
2024-11-15 20:14:28,100 - INFO - Validation data shapes - X: (27179, 60, 1), y: (27179,)
2024-11-15 20:14:28,109 - ERROR - Error in training LSTM model: Sequential.add() got an unexpected keyword argument 'kernel_initializer'
2024-11-15 20:14:28,109 - ERROR - An error occurred during training: Sequential.add() got an unexpected keyword argument 'kernel_initializer'
2024-11-15 20:16:55,242 - INFO - Preprocessing data for 1 subjects...
2024-11-15 20:16:56,631 - INFO - Data shapes - Train: (108713, 60), Val: (27179, 60)
2024-11-15 20:16:56,631 - INFO - Configuration: {'epochs': 3, 'batch_size': 32, 'lstm_layers': [128, 64, 32], 'dropout_rate': 0.3, 'early_stopping_patience': 10, 'reduce_lr_patience': 5, 'threshold': 5e-05}
2024-11-15 20:16:56,631 - INFO - Training LSTM model...
2024-11-15 20:16:56,631 - INFO - Training data shapes - X: (108713, 60, 1), y: (108713,)
2024-11-15 20:16:56,631 - INFO - Validation data shapes - X: (27179, 60, 1), y: (27179,)
2024-11-15 20:16:56,641 - ERROR - Error in training LSTM model: Sequential.add() got an unexpected keyword argument 'kernel_initializer'
2024-11-15 20:16:56,641 - ERROR - An error occurred during training: Sequential.add() got an unexpected keyword argument 'kernel_initializer'
2024-11-15 20:17:10,005 - INFO - Preprocessing data for 1 subjects...
2024-11-15 20:17:11,414 - INFO - Data shapes - Train: (108713, 60), Val: (27179, 60)
2024-11-15 20:17:11,415 - INFO - Configuration: {'epochs': 3, 'batch_size': 32, 'lstm_layers': [128, 64, 32], 'dropout_rate': 0.3, 'early_stopping_patience': 10, 'reduce_lr_patience': 5, 'threshold': 5e-05}
2024-11-15 20:17:11,415 - INFO - Training LSTM model...
2024-11-15 20:17:11,415 - INFO - Training data shapes - X: (108713, 60, 1), y: (108713,)
2024-11-15 20:17:11,415 - INFO - Validation data shapes - X: (27179, 60, 1), y: (27179,)
2024-11-15 20:17:11,463 - INFO - LSTM model summary:
2024-11-15 20:17:11,467 - INFO - Model: "sequential"
┏━━━━━━━━━━━━━━━━━━━━━━━━━━━━━━━━━━━━━━┳━━━━━━━━━━━━━━━━━━━━━━━━━━━━━┳━━━━━━━━━━━━━━━━━┓
┃ Layer (type)                         ┃ Output Shape                ┃         Param # ┃
┡━━━━━━━━━━━━━━━━━━━━━━━━━━━━━━━━━━━━━━╇━━━━━━━━━━━━━━━━━━━━━━━━━━━━━╇━━━━━━━━━━━━━━━━━┩
│ lstm (LSTM)                          │ (None, 60, 128)             │          66,560 │
├──────────────────────────────────────┼─────────────────────────────┼─────────────────┤
│ batch_normalization                  │ (None, 60, 128)             │             512 │
│ (BatchNormalization)                 │                             │                 │
├──────────────────────────────────────┼─────────────────────────────┼─────────────────┤
│ dropout (Dropout)                    │ (None, 60, 128)             │               0 │
├──────────────────────────────────────┼─────────────────────────────┼─────────────────┤
│ lstm_1 (LSTM)                        │ (None, 60, 64)              │          49,408 │
├──────────────────────────────────────┼─────────────────────────────┼─────────────────┤
│ batch_normalization_1                │ (None, 60, 64)              │             256 │
│ (BatchNormalization)                 │                             │                 │
├──────────────────────────────────────┼─────────────────────────────┼─────────────────┤
│ dropout_1 (Dropout)                  │ (None, 60, 64)              │               0 │
├──────────────────────────────────────┼─────────────────────────────┼─────────────────┤
│ lstm_2 (LSTM)                        │ (None, 32)                  │          12,416 │
├──────────────────────────────────────┼─────────────────────────────┼─────────────────┤
│ batch_normalization_2                │ (None, 32)                  │             128 │
│ (BatchNormalization)                 │                             │                 │
├──────────────────────────────────────┼─────────────────────────────┼─────────────────┤
│ dense (Dense)                        │ (None, 16)                  │             528 │
├──────────────────────────────────────┼─────────────────────────────┼─────────────────┤
│ dense_1 (Dense)                      │ (None, 1)                   │              17 │
└──────────────────────────────────────┴─────────────────────────────┴─────────────────┘
 Total params: 129,825 (507.13 KB)
 Trainable params: 129,377 (505.38 KB)
 Non-trainable params: 448 (1.75 KB)

2024-11-15 20:24:21,167 - INFO - Validation Metrics - MSE: 0.00, MAE: 0.03, RMSE: 0.04
2024-11-15 20:24:21,332 - INFO - Loss plot saved as lstm_loss_20241115_202421.png
2024-11-15 20:24:21,332 - WARNING - Learning rate history not available in the model history.
2024-11-15 20:24:21,388 - INFO - Loss plot saved as lstm_loss_20241115_202421.png
2024-11-15 20:24:21,404 - INFO - Model saved as lstm_model_20241115_milestone.keras
2024-11-15 20:24:21,405 - INFO - Scaler saved as scaler_20241115_milestone.joblib
